<?xml version="1.0" encoding="UTF-8"?>
<testsuite name="MatrixRotateTest" tests="2" skipped="0" failures="0" errors="0" timestamp="2019-05-12T20:16:13" hostname="Jana-MacBook" time="0.01">
  <properties/>
  <testcase name="testRotateMatrix_emptyArray_emptyArray" classname="MatrixRotateTest" time="0.009"/>
  <testcase name="testRotateMatrix_rotation_rotate90degrees" classname="MatrixRotateTest" time="0.0"/>
  <system-out><![CDATA[]]></system-out>
  <system-err><![CDATA[]]></system-err>
</testsuite>
